\BOOKMARK [0][-]{chapter.1}{\376\377\000I\000n\000t\000r\000o\000d\000u\000c\000t\000i\000o\000n}{}% 1
\BOOKMARK [1][-]{section.1.1}{\376\377\000S\000c\000o\000p\000e\000\040\000o\000f\000\040\000s\000i\000m\000u\000l\000a\000t\000i\000o\000n}{chapter.1}% 2
\BOOKMARK [0][-]{chapter.2}{\376\377\000T\000r\000a\000n\000s\000m\000i\000t\000t\000e\000r\000\040\000M\000o\000d\000u\000l\000e}{}% 3
\BOOKMARK [1][-]{section.2.1}{\376\377\000I\000n\000p\000u\000t\000s\000\040\000t\000o\000\040\000t\000h\000e\000\040\000T\000r\000a\000n\000s\000m\000i\000t\000t\000e\000r\000\040\000m\000o\000d\000u\000l\000e}{chapter.2}% 4
\BOOKMARK [1][-]{section.2.2}{\376\377\000O\000u\000t\000p\000u\000t\000\040\000o\000f\000\040\000t\000h\000e\000\040\000T\000r\000a\000n\000s\000m\000i\000t\000t\000e\000r\000\040\000m\000o\000d\000u\000l\000e}{chapter.2}% 5
\BOOKMARK [1][-]{section.2.3}{\376\377\000U\000p\000\040\000c\000o\000n\000v\000e\000r\000s\000i\000o\000n\000\040\000o\000f\000\040\000B\000a\000s\000e\000b\000a\000n\000d\000\040\000s\000a\000m\000p\000l\000e\000s\000\040\000t\000o\000\040\000t\000h\000e\000\040\000L\0005\000\040\000f\000r\000e\000q\000u\000e\000n\000c\000y}{chapter.2}% 6
\BOOKMARK [0][-]{chapter.3}{\376\377\000R\000e\000c\000e\000i\000v\000e\000r\000\040\000F\000r\000o\000n\000t\000e\000n\000d}{}% 7
\BOOKMARK [1][-]{section.3.1}{\376\377\000D\000o\000w\000n\000\040\000c\000o\000n\000v\000e\000r\000s\000i\000o\000n\000\040\000o\000f\000\040\000r\000e\000c\000e\000i\000v\000e\000d\000\040\000s\000i\000g\000n\000a\000l\000\040\000t\000o\000\040\000b\000a\000s\000e\000b\000a\000n\000d}{chapter.3}% 8
\BOOKMARK [0][-]{chapter.4}{\376\377\000R\000e\000c\000e\000i\000v\000e\000r\000\040\000M\000o\000d\000u\000l\000e}{}% 9
\BOOKMARK [1][-]{section.4.1}{\376\377\000R\000e\000c\000e\000i\000v\000e\000r\000\040\000o\000p\000e\000r\000a\000t\000i\000o\000n}{chapter.4}% 10
\BOOKMARK [0][-]{chapter.5}{\376\377\000R\000e\000a\000l\000\040\000t\000i\000m\000e\000\040\000I\000m\000p\000l\000e\000m\000e\000n\000t\000a\000t\000i\000o\000n\000\040\000o\000f\000\040\000T\000r\000a\000n\000s\000m\000i\000t\000e\000r\000\040\000a\000n\000d\000\040\000R\000e\000c\000e\000i\000v\000e\000r}{}% 11
\BOOKMARK [1][-]{section.5.1}{\376\377\000T\000r\000a\000n\000s\000m\000i\000t\000t\000e\000r\000\040\000i\000m\000p\000l\000e\000m\000e\000n\000t\000a\000i\000o\000n}{chapter.5}% 12
\BOOKMARK [2][-]{subsection.5.1.1}{\376\377\000I\000n\000s\000t\000a\000l\000l\000a\000t\000i\000o\000n\000s\000\040\000f\000o\000r\000\040\000T\000r\000a\000n\000s\000m\000i\000t\000t\000e\000r\000\040\000m\000o\000d\000u\000l\000e}{section.5.1}% 13
\BOOKMARK [2][-]{subsection.5.1.2}{\376\377\000G\000e\000n\000e\000r\000a\000t\000i\000n\000g\000\040\000t\000h\000e\000\040\000r\000e\000a\000l\000\040\000t\000i\000m\000e\000\040\000s\000a\000m\000p\000l\000e\000s\000\040\000u\000s\000i\000n\000g\000\040\000T\000r\000a\000n\000m\000i\000t\000t\000e\000r\000\040\000m\000o\000d\000u\000l\000e}{section.5.1}% 14
\BOOKMARK [1][-]{section.5.2}{\376\377\000T\000r\000a\000n\000s\000m\000i\000t\000t\000e\000r\000\040\000f\000r\000o\000n\000t\000e\000n\000d\000\040\000i\000m\000p\000l\000e\000m\000e\000n\000t\000a\000t\000i\000o\000n\000s}{chapter.5}% 15
\BOOKMARK [2][-]{subsection.5.2.1}{\376\377\000R\000e\000q\000u\000i\000r\000e\000m\000e\000n\000t\000s}{section.5.2}% 16
\BOOKMARK [1][-]{figure.caption.4}{\376\377\000I\000n\000s\000t\000a\000l\000a\000t\000i\000o\000n\000s\000\040\000f\000o\000r\000\040\000U\000S\000R\000P\000\040\000S\000D\000R}{chapter.5}% 17
\BOOKMARK [2][-]{subsection.5.2.2}{\376\377\000T\000r\000a\000n\000s\000m\000i\000t\000\040\000t\000h\000e\000\040\000N\000a\000v\000I\000C\000\040\000L\0005\000\040\000r\000e\000a\000l\000\040\000t\000i\000m\000e\000\040\000s\000a\000m\000p\000l\000e\000s\000\040\000u\000s\000i\000n\000g\000\040\000t\000h\000e\000\040\000T\000r\000a\000n\000s\000m\000i\000t\000t\000e\000r\000\040\000m\000o\000d\000u\000l\000e\000\040\000a\000n\000d\000\040\000T\000r\000a\000n\000s\000m\000i\000t\000t\000e\000r\000\040\000f\000r\000o\000n\000t\000e\000n\000d}{figure.caption.4}% 18
\BOOKMARK [1][-]{section.5.3}{\376\377\000R\000e\000c\000e\000i\000v\000e\000r\000\040\000i\000m\000p\000l\000e\000m\000e\000n\000t\000a\000i\000o\000n}{chapter.5}% 19
\BOOKMARK [2][-]{subsection.5.3.1}{\376\377\000R\000e\000c\000e\000i\000v\000e\000r\000\040\000f\000r\000o\000n\000t\000e\000n\000d}{section.5.3}% 20
\BOOKMARK [2][-]{subsection.5.3.2}{\376\377\000I\000n\000s\000t\000a\000l\000l\000a\000t\000i\000o\000n\000\040\000f\000o\000r\000\040\000b\000l\000a\000d\000e\000\040\000r\000f}{section.5.3}% 21
\BOOKMARK [2][-]{subsection.5.3.3}{\376\377\000S\000e\000t\000t\000i\000n\000g\000\040\000u\000p\000\040\000t\000h\000e\000\040\000N\000a\000v\000I\000C\000\040\000r\000e\000c\000e\000i\000v\000e\000r}{section.5.3}% 22
\BOOKMARK [2][-]{subsection.5.3.4}{\376\377\000R\000e\000c\000e\000i\000v\000e\000\040\000t\000h\000e\000\040\000s\000i\000g\000n\000a\000l\000s\000\040\000a\000n\000d\000\040\000c\000o\000m\000p\000u\000t\000e\000\040\000t\000h\000e\000\040\000p\000o\000s\000i\000t\000i\000o\000n\000\040\000o\000f\000\040\000r\000e\000c\000e\000i\000v\000e\000r}{section.5.3}% 23
\BOOKMARK [0][-]{appendix.A}{\376\377\000R\000e\000f\000e\000r\000e\000n\000c\000e\000s}{}% 24
