This is pdfTeX, Version 3.141592653-2.6-1.40.22 (TeX Live 2022/dev/Debian) (preloaded format=pdflatex 2023.6.19)  8 NOV 2023 08:57
entering extended mode
 restricted \write18 enabled.
 file:line:error style messages enabled.
 %&-line parsing enabled.
**/home/mannava/module_3/GPS/docs/a.tex
(/home/mannava/module_3/GPS/docs/a.tex
LaTeX2e <2021-11-15> patch level 1
L3 programming layer <2022-01-21>)
! Emergency stop.
<*> /home/mannava/module_3/GPS/docs/a.tex
                                         
*** (job aborted, no legal \end found)

 
Here is how much of TeX's memory you used:
 17 strings out of 478287
 468 string characters out of 5849289
 289004 words of memory out of 5000000
 18313 multiletter control sequences out of 15000+600000
 469259 words of font info for 28 fonts, out of 8000000 for 9000
 1141 hyphenation exceptions out of 8191
 13i,0n,12p,69b,10s stack positions out of 5000i,500n,10000p,200000b,80000s
!  ==> Fatal error occurred, no output PDF file produced!
