\BOOKMARK [0][-]{chapter.1}{\376\377\000I\000n\000t\000r\000o\000d\000u\000c\000t\000i\000o\000n}{}% 1
\BOOKMARK [1][-]{section.1.1}{\376\377\000S\000c\000o\000p\000e\000\040\000o\000f\000\040\000s\000i\000m\000u\000l\000a\000t\000i\000o\000n}{chapter.1}% 2
\BOOKMARK [0][-]{chapter.2}{\376\377\000N\000a\000v\000I\000C\000\040\000S\000y\000s\000t\000e\000m\000\040\000O\000v\000e\000r\000v\000i\000e\000w}{}% 3
\BOOKMARK [1][-]{section.2.1}{\376\377\000T\000h\000e\000\040\000F\000r\000e\000q\000u\000e\000n\000c\000y\000\040\000B\000a\000n\000d\000s}{chapter.2}% 4
\BOOKMARK [2][-]{subsection.2.1.1}{\376\377\000L\000-\000b\000a\000n\000d}{section.2.1}% 5
\BOOKMARK [2][-]{subsection.2.1.2}{\376\377\000S\000-\000b\000a\000n\000d}{section.2.1}% 6
\BOOKMARK [1][-]{section.2.2}{\376\377\000N\000a\000v\000I\000C\000\040\000A\000r\000c\000h\000i\000t\000e\000c\000t\000u\000r\000e}{chapter.2}% 7
\BOOKMARK [2][-]{subsection.2.2.1}{\376\377\000S\000p\000a\000c\000e\000\040\000s\000e\000g\000m\000e\000n\000t}{section.2.2}% 8
\BOOKMARK [2][-]{subsection.2.2.2}{\376\377\000G\000r\000o\000u\000n\000d\000\040\000s\000e\000g\000m\000e\000n\000t}{section.2.2}% 9
\BOOKMARK [2][-]{subsection.2.2.3}{\376\377\000U\000s\000e\000r\000\040\000s\000e\000g\000m\000e\000n\000t}{section.2.2}% 10
\BOOKMARK [1][-]{section.2.3}{\376\377\000N\000a\000v\000I\000C\000\040\000S\000e\000r\000v\000i\000c\000e\000s}{chapter.2}% 11
\BOOKMARK [2][-]{subsection.2.3.1}{\376\377\000S\000t\000a\000n\000d\000a\000r\000d\000\040\000P\000o\000s\000i\000t\000i\000o\000n\000i\000n\000g\000\040\000S\000e\000r\000v\000i\000c\000e\000\040\000\050\000S\000P\000S\000\051}{section.2.3}% 12
\BOOKMARK [2][-]{subsection.2.3.2}{\376\377\000R\000e\000s\000t\000r\000i\000c\000t\000e\000d\000\040\000S\000e\000r\000v\000i\000c\000e\000\040\000\050\000R\000S\000\051}{section.2.3}% 13
\BOOKMARK [0][-]{chapter.3}{\376\377\000T\000r\000a\000n\000s\000m\000i\000t\000t\000e\000r}{}% 14
\BOOKMARK [1][-]{section.3.1}{\376\377\000I\000R\000N\000S\000S\000\040\000N\000a\000v\000i\000g\000a\000t\000i\000o\000n\000\040\000d\000a\000t\000a}{chapter.3}% 15
\BOOKMARK [1][-]{section.3.2}{\376\377\000F\000r\000a\000m\000e\000\040\000s\000t\000r\000u\000c\000t\000u\000r\000e}{chapter.3}% 16
\BOOKMARK [1][-]{section.3.3}{\376\377\000M\000o\000d\000u\000a\000t\000i\000o\000n\000\040\000a\000n\000d\000\040\000E\000n\000c\000o\000d\000i\000n\000g}{chapter.3}% 17
\BOOKMARK [2][-]{subsection.3.3.1}{\376\377\000P\000R\000N\000\040\000c\000o\000d\000e\000s\000\040\000f\000o\000r\000\040\000S\000P\000S}{section.3.3}% 18
\BOOKMARK [2][-]{subsection.3.3.2}{\376\377\000F\000E\000C\000\040\000E\000n\000c\000o\000d\000i\000n\000g}{section.3.3}% 19
\BOOKMARK [2][-]{subsection.3.3.3}{\376\377\000I\000n\000t\000e\000r\000l\000e\000a\000v\000i\000n\000g}{section.3.3}% 20
\BOOKMARK [2][-]{subsection.3.3.4}{\376\377\000S\000y\000n\000c\000\040\000w\000o\000r\000d\000\040\000a\000n\000d\000\040\000T\000a\000i\000l\000\040\000b\000i\000t\000s}{section.3.3}% 21
\BOOKMARK [2][-]{subsection.3.3.5}{\376\377\000S\000y\000n\000c\000\040\000w\000o\000r\000d\000\040\000a\000n\000d\000\040\000T\000a\000i\000l\000\040\000b\000i\000t\000s}{section.3.3}% 22
\BOOKMARK [2][-]{subsection.3.3.6}{\376\377\000C\000y\000c\000l\000i\000c\000\040\000R\000e\000d\000u\000n\000d\000a\000n\000c\000y\000\040\000C\000h\000e\000c\000k\000\050\000C\000R\000C\000\051}{section.3.3}% 23
\BOOKMARK [1][-]{section.3.4}{\376\377\000M\000o\000d\000u\000l\000a\000t\000i\000o\000n}{chapter.3}% 24
\BOOKMARK [2][-]{subsection.3.4.1}{\376\377\000S\000t\000a\000n\000d\000a\000r\000d\000\040\000P\000o\000s\000i\000t\000i\000o\000n\000i\000n\000g\000\040\000S\000e\000r\000v\000i\000c\000e}{section.3.4}% 25
\BOOKMARK [2][-]{subsection.3.4.2}{\376\377\000B\000a\000s\000e\000b\000a\000n\000d\000\040\000M\000o\000d\000u\000l\000a\000t\000i\000o\000n}{section.3.4}% 26
\BOOKMARK [0][-]{chapter.4}{\376\377\000C\000h\000a\000n\000n\000e\000l\000\040\000M\000o\000d\000e\000l\000l\000i\000n\000g}{}% 27
\BOOKMARK [1][-]{section.4.1}{\376\377\000D\000o\000p\000p\000l\000e\000r\000\040\000s\000h\000i\000f\000t}{chapter.4}% 28
\BOOKMARK [1][-]{section.4.2}{\376\377\000D\000e\000l\000a\000y}{chapter.4}% 29
\BOOKMARK [1][-]{section.4.3}{\376\377\000P\000o\000w\000e\000r\000\040\000S\000c\000a\000l\000i\000n\000g}{chapter.4}% 30
\BOOKMARK [1][-]{section.4.4}{\376\377\000T\000h\000e\000r\000m\000a\000l\000\040\000n\000o\000i\000s\000e}{chapter.4}% 31
\BOOKMARK [0][-]{chapter.5}{\376\377\000R\000e\000c\000e\000i\000v\000e\000r}{}% 32
\BOOKMARK [1][-]{section.5.1}{\376\377\000S\000i\000g\000n\000a\000l\000\040\000A\000c\000q\000u\000i\000s\000t\000i\000o\000n}{chapter.5}% 33
\BOOKMARK [2][-]{subsection.5.1.1}{\376\377\000I\000m\000p\000l\000e\000m\000e\000n\000t\000a\000t\000i\000o\000n\000\040\000o\000f\000\040\000C\000A\000\040\000P\000C\000P\000S\000\040\000A\000c\000q\000u\000i\000s\000i\000t\000i\000o\000n}{section.5.1}% 34
\BOOKMARK [1][-]{section.5.2}{\376\377\000T\000r\000a\000c\000k\000i\000n\000g}{chapter.5}% 35
\BOOKMARK [2][-]{subsection.5.2.1}{\376\377\000C\000a\000r\000r\000i\000e\000r\000\040\000a\000n\000d\000\040\000c\000o\000d\000e\000\040\000w\000i\000p\000e\000o\000f\000f}{section.5.2}% 36
\BOOKMARK [2][-]{subsection.5.2.2}{\376\377\000P\000r\000e\000-\000d\000e\000t\000e\000c\000t\000i\000o\000n\000\040\000a\000n\000d\000\040\000i\000n\000t\000e\000g\000r\000a\000t\000i\000o\000n}{section.5.2}% 37
\BOOKMARK [2][-]{subsection.5.2.3}{\376\377\000B\000a\000s\000e\000b\000a\000n\000d\000\040\000s\000i\000g\000n\000a\000l\000\040\000p\000r\000o\000c\000e\000s\000s\000i\000n\000g}{section.5.2}% 38
\BOOKMARK [1][-]{section.5.3}{\376\377\000D\000e\000m\000o\000d\000u\000l\000a\000t\000i\000o\000n}{chapter.5}% 39
\BOOKMARK [1][-]{section.5.4}{\376\377\000S\000y\000n\000c\000h\000r\000o\000n\000i\000z\000a\000t\000i\000o\000n\000\040\000a\000n\000d\000\040\000D\000e\000c\000o\000d\000i\000n\000g}{chapter.5}% 40
\BOOKMARK [2][-]{subsection.5.4.1}{\376\377\000S\000y\000n\000c\000h\000r\000o\000n\000i\000z\000a\000t\000i\000o\000n}{section.5.4}% 41
\BOOKMARK [2][-]{subsection.5.4.2}{\376\377\000D\000e\000c\000o\000d\000i\000n\000g}{section.5.4}% 42
\BOOKMARK [2][-]{subsection.5.4.3}{\376\377\000C\000o\000n\000v\000o\000l\000u\000t\000i\000o\000n\000a\000l\000\040\000C\000o\000d\000e\000\040\000R\000e\000p\000r\000e\000s\000e\000n\000t\000a\000t\000i\000o\000n}{section.5.4}% 43
\BOOKMARK [2][-]{subsection.5.4.4}{\376\377\000D\000e\000c\000o\000d\000i\000n\000g\000\040\000O\000u\000t\000p\000u\000t}{section.5.4}% 44
\BOOKMARK [2][-]{subsection.5.4.5}{\376\377\000E\000x\000a\000m\000p\000l\000e}{section.5.4}% 45
\BOOKMARK [0][-]{chapter.6}{\376\377\000R\000e\000s\000u\000l\000t\000s}{}% 46
\BOOKMARK [1][-]{section.6.1}{\376\377\000A\000c\000q\000u\000i\000s\000i\000t\000i\000o\000n}{chapter.6}% 47
\BOOKMARK [1][-]{section.6.2}{\376\377\000T\000r\000a\000c\000k\000i\000n\000g}{chapter.6}% 48
\BOOKMARK [0][-]{appendix.A}{\376\377\000R\000e\000f\000e\000r\000e\000n\000c\000e\000s}{}% 49
