\BOOKMARK [0][-]{chapter*.2}{\376\377\000I\000n\000t\000r\000o\000d\000u\000c\000t\000i\000o\000n}{}% 1
\BOOKMARK [0][-]{chapter.1}{\376\377\000D\000e\000s\000i\000g\000n\000\040\000P\000a\000r\000a\000m\000e\000t\000e\000r\000s}{}% 2
\BOOKMARK [1][-]{section.1.1}{\376\377\000T\000h\000e\000\040\000F\000r\000e\000q\000u\000e\000n\000c\000y\000\040\000B\000a\000n\000d\000s}{chapter.1}% 3
\BOOKMARK [0][-]{chapter.2}{\376\377\000C\000h\000a\000n\000n\000e\000l\000\040\000M\000o\000d\000e\000l\000l\000i\000n\000g}{}% 4
\BOOKMARK [1][-]{section.2.1}{\376\377\000D\000o\000p\000p\000l\000e\000r\000\040\000s\000h\000i\000f\000t}{chapter.2}% 5
\BOOKMARK [1][-]{section.2.2}{\376\377\000D\000e\000l\000a\000y}{chapter.2}% 6
\BOOKMARK [1][-]{section.2.3}{\376\377\000P\000o\000w\000e\000r\000\040\000S\000c\000a\000l\000i\000n\000g}{chapter.2}% 7
\BOOKMARK [1][-]{section.2.4}{\376\377\000R\000e\000c\000e\000i\000v\000e\000r\000\040\000n\000o\000i\000s\000e}{chapter.2}% 8
\BOOKMARK [0][-]{chapter.3}{\376\377\000T\000r\000a\000n\000s\000m\000i\000t\000t\000e\000r}{}% 9
\BOOKMARK [1][-]{section.3.1}{\376\377\000F\000r\000a\000m\000e\000\040\000s\000t\000r\000u\000c\000t\000u\000r\000e}{chapter.3}% 10
\BOOKMARK [2][-]{subsection.3.1.1}{\376\377\000C\000y\000c\000l\000i\000c\000\040\000R\000e\000d\000u\000n\000d\000a\000n\000c\000y\000\040\000C\000h\000e\000c\000k\000\050\000C\000R\000C\000\051}{section.3.1}% 11
\BOOKMARK [1][-]{section.3.2}{\376\377\000E\000n\000c\000o\000d\000i\000n\000g}{chapter.3}% 12
\BOOKMARK [2][-]{subsection.3.2.1}{\376\377\000I\000n\000t\000e\000r\000l\000e\000a\000v\000i\000n\000g}{section.3.2}% 13
\BOOKMARK [2][-]{subsection.3.2.2}{\376\377\000S\000y\000n\000c\000\040\000w\000o\000r\000d\000\040\000a\000n\000d\000\040\000T\000a\000i\000l\000\040\000b\000i\000t\000s}{section.3.2}% 14
\BOOKMARK [1][-]{section.3.3}{\376\377\000M\000o\000d\000u\000l\000a\000t\000i\000o\000n}{chapter.3}% 15
\BOOKMARK [2][-]{subsection.3.3.1}{\376\377\000S\000t\000a\000n\000d\000a\000r\000d\000\040\000P\000o\000s\000i\000t\000i\000o\000n\000i\000n\000g\000\040\000S\000e\000r\000v\000i\000c\000e}{section.3.3}% 16
\BOOKMARK [2][-]{subsection.3.3.2}{\376\377\000P\000s\000e\000u\000d\000o\000\040\000R\000a\000n\000d\000o\000m\000\040\000N\000o\000i\000s\000e\000\040\000c\000o\000d\000e\000s\000\050\000P\000R\000N\000\051}{section.3.3}% 17
\BOOKMARK [2][-]{subsection.3.3.3}{\376\377\000B\000a\000s\000e\000b\000a\000n\000d\000\040\000M\000o\000d\000u\000l\000a\000t\000i\000o\000n}{section.3.3}% 18
\BOOKMARK [0][-]{chapter.4}{\376\377\000C\000o\000m\000p\000u\000t\000i\000n\000g\000\040\000t\000h\000e\000\040\000P\000o\000s\000i\000t\000i\000o\000n\000\040\000a\000n\000d\000\040\000V\000e\000l\000o\000c\000i\000t\000y\000\040\000o\000f\000\040\000t\000h\000e\000\040\000s\000a\000t\000e\000l\000l\000i\000t\000e\000\040\000f\000r\000o\000m\000\040\000t\000h\000e\000\040\000R\000I\000N\000E\000X\000\040\000f\000i\000l\000e}{}% 19
\BOOKMARK [1][-]{section.4.1}{\376\377\000I\000n\000t\000r\000o\000d\000u\000c\000t\000i\000o\000n}{chapter.4}% 20
\BOOKMARK [1][-]{section.4.2}{\376\377\000D\000e\000t\000e\000r\000m\000i\000n\000a\000t\000i\000o\000n\000\040\000o\000f\000\040\000s\000a\000t\000e\000l\000l\000i\000t\000e\000\040\000p\000o\000s\000i\000t\000i\000o\000n}{chapter.4}% 21
\BOOKMARK [2][-]{subsection.4.2.1}{\376\377\000O\000r\000b\000i\000t\000a\000l\000\040\000p\000a\000r\000a\000m\000e\000t\000e\000r\000s\000\040\000i\000n\000\040\000r\000i\000n\000e\000x\000\040\000f\000i\000l\000e}{section.4.2}% 22
\BOOKMARK [1][-]{section.4.3}{\376\377\000C\000o\000m\000p\000u\000t\000i\000n\000g\000\040\000t\000h\000e\000\040\000p\000o\000s\000i\000t\000i\000o\000n\000\040\000a\000n\000d\000\040\000v\000e\000l\000o\000c\000i\000t\000y\000\040\000o\000f\000\040\000t\000h\000e\000\040\000G\000P\000S\000\040\000s\000a\000t\000e\000l\000l\000i\000t\000e\000\040\000u\000s\000i\000n\000g\000\040\000p\000y\000t\000h\000o\000n}{chapter.4}% 23
